<?xml version="1.0"?>
<testsuites>
  <testsuite name="PhantomJS 1.9.8 (Mac OS X)" package="" timestamp="2015-02-01T22:58:40" id="0" hostname="Andonis-MBP.lan">
    <properties>
      <property name="browser.fullName" value="Mozilla/5.0 (Macintosh; Intel Mac OS X) AppleWebKit/534.34 (KHTML, like Gecko) PhantomJS/1.9.8 Safari/534.34"/>
    </properties>
  </testsuite>
  <testsuite name="PhantomJS 1.9.8 (Mac OS X)" package="" timestamp="2015-02-01T22:58:40" id="0" hostname="Andonis-MBP.lan" tests="18" errors="0" failures="0" time="0.038">
    <properties>
      <property name="browser.fullName" value="Mozilla/5.0 (Macintosh; Intel Mac OS X) AppleWebKit/534.34 (KHTML, like Gecko) PhantomJS/1.9.8 Safari/534.34"/>
    </properties>
    <testcase name="should clone the received object" time="0.009" classname="PhantomJS 1.9.8 (Mac OS X).The jasmine test utils service working with objects"/>
    <testcase name="should return undefined if the object to be cloned is not defined" time="0.001" classname="PhantomJS 1.9.8 (Mac OS X).The jasmine test utils service working with objects"/>
    <testcase name="should stub a method returning the specified value" time="0.002" classname="PhantomJS 1.9.8 (Mac OS X).The jasmine test utils service stubbing synchronous callings"/>
    <testcase name="should thrown an error if a non existing method is trying to be stubbed" time="0.002" classname="PhantomJS 1.9.8 (Mac OS X).The jasmine test utils service stubbing synchronous callings"/>
    <testcase name="should thrown an error if an existing property is trying to be stubbed" time="0.002" classname="PhantomJS 1.9.8 (Mac OS X).The jasmine test utils service stubbing synchronous callings"/>
    <testcase name="should stub a method returning a resolved promise with the specified value" time="0.002" classname="PhantomJS 1.9.8 (Mac OS X).The jasmine test utils service stubbing asynchronous callings resolving promises"/>
    <testcase name="should thrown an error if a non existing method is trying to be stubbed" time="0.001" classname="PhantomJS 1.9.8 (Mac OS X).The jasmine test utils service stubbing asynchronous callings resolving promises"/>
    <testcase name="should thrown an error if an existing property is trying to be stubbed" time="0.001" classname="PhantomJS 1.9.8 (Mac OS X).The jasmine test utils service stubbing asynchronous callings resolving promises"/>
    <testcase name="should stub a method returning a resolved promise with the value of the key specified by the parameters " time="0.005" classname="PhantomJS 1.9.8 (Mac OS X).The jasmine test utils service stubbing asynchronous callings resolving promises with results based on parameters"/>
    <testcase name="should thrown an error if a non existing method is trying to be stubbed" time="0.001" classname="PhantomJS 1.9.8 (Mac OS X).The jasmine test utils service stubbing asynchronous callings resolving promises with results based on parameters"/>
    <testcase name="should thrown an error if an existing property is trying to be stubbed" time="0.001" classname="PhantomJS 1.9.8 (Mac OS X).The jasmine test utils service stubbing asynchronous callings resolving promises with results based on parameters"/>
    <testcase name="should thrown an error if the stubbed method is invoked with a non existing param key" time="0.001" classname="PhantomJS 1.9.8 (Mac OS X).The jasmine test utils service stubbing asynchronous callings resolving promises with results based on parameters"/>
    <testcase name="should stub a method returning a resolved promise with the value of the index of the parameters" time="0.002" classname="PhantomJS 1.9.8 (Mac OS X).The jasmine test utils service stubbing asynchronous callings resolving promises with results based on the invocation times"/>
    <testcase name="should thrown an error if a non existing method is trying to be stubbed" time="0.001" classname="PhantomJS 1.9.8 (Mac OS X).The jasmine test utils service stubbing asynchronous callings resolving promises with results based on the invocation times"/>
    <testcase name="should thrown an error if an existing property is trying to be stubbed" time="0" classname="PhantomJS 1.9.8 (Mac OS X).The jasmine test utils service stubbing asynchronous callings resolving promises with results based on the invocation times"/>
    <testcase name="should stub a method returning a rejected promise with the specified error" time="0.003" classname="PhantomJS 1.9.8 (Mac OS X).The jasmine test utils service stubbing asynchronous callings rejecting promises"/>
    <testcase name="should thrown an error if a non existing method is trying to be stubbed" time="0.003" classname="PhantomJS 1.9.8 (Mac OS X).The jasmine test utils service stubbing asynchronous callings rejecting promises"/>
    <testcase name="should thrown an error if an existing property is trying to be stubbed" time="0.001" classname="PhantomJS 1.9.8 (Mac OS X).The jasmine test utils service stubbing asynchronous callings rejecting promises"/>
    <system-out><![CDATA[
]]></system-out>
    <system-err/>
  </testsuite>
</testsuites>
